{
  "RSpec": {
    "coverage": {
      "/Users/sherodtaylor/Dropbox/wdi/last_fm_demo/app/controllers/api_controller.rb": [
        1,
        1,
        1,
        1,
        0,
        0,
        null,
        null,
        null
      ],
      "/Users/sherodtaylor/Dropbox/wdi/last_fm_demo/app/controllers/application_controller.rb": [
        1,
        1,
        null
      ],
      "/Users/sherodtaylor/Dropbox/wdi/last_fm_demo/app/helpers/application_helper.rb": [
        1,
        null
      ],
      "/Users/sherodtaylor/Dropbox/wdi/last_fm_demo/app/helpers/api_helper.rb": [
        1,
        null
      ],
      "/Users/sherodtaylor/Dropbox/wdi/last_fm_demo/app/models/search.rb": [
        1,
        1,
        1,
        1,
        1,
        1,
        null,
        null,
        1,
        1,
        1,
        0,
        null,
        null,
        null,
        null,
        null,
        null,
        null,
        0,
        null,
        null
      ]
    },
    "timestamp": 1368746398
  }
}
